<?xml version="1.0" encoding="UTF-8"?>
<testng-results skipped="0" failed="2" ignored="0" total="2" passed="0">
  <reporter-output>
  </reporter-output>
  <suite name="Default suite" duration-ms="38098" started-at="2020-05-20T13:44:05 IST" finished-at="2020-05-20T13:44:43 IST">
    <groups>
      <group name="cucumber">
        <method signature="AbstractTestNGCucumberTests.runScenario(io.cucumber.testng.PickleWrapper, io.cucumber.testng.FeatureWrapper)[pri:0, instance:com.github.frostyaxe.cucumber.runners.ExpediaCucumberTestRunner@436e852b]" name="runScenario" class="io.cucumber.testng.AbstractTestNGCucumberTests"/>
      </group> <!-- cucumber -->
    </groups>
    <test name="Default test" duration-ms="38098" started-at="2020-05-20T13:44:05 IST" finished-at="2020-05-20T13:44:43 IST">
      <class name="com.github.frostyaxe.cucumber.runners.ExpediaCucumberTestRunner">
        <test-method status="PASS" signature="setUpClass()[pri:0, instance:com.github.frostyaxe.cucumber.runners.ExpediaCucumberTestRunner@436e852b]" name="setUpClass" is-config="true" duration-ms="236" started-at="2020-05-20T13:44:05 IST" finished-at="2020-05-20T13:44:05 IST">
          <reporter-output>
          </reporter-output>
        </test-method> <!-- setUpClass -->
        <test-method status="FAIL" signature="runScenario(io.cucumber.testng.PickleWrapper, io.cucumber.testng.FeatureWrapper)[pri:0, instance:com.github.frostyaxe.cucumber.runners.ExpediaCucumberTestRunner@436e852b]" name="runScenario" duration-ms="37651" started-at="2020-05-20T13:44:05 IST" description="Runs Cucumber Scenarios" data-provider="scenarios" finished-at="2020-05-20T13:44:43 IST">
          <params>
            <param index="0">
              <value>
                <![CDATA["Expedia Return Flight Search Functionality with correct data."]]>
              </value>
            </param>
            <param index="1">
              <value>
                <![CDATA["Expedia Flight Search"]]>
              </value>
            </param>
          </params>
          <exception class="org.openqa.selenium.ElementClickInterceptedException">
            <message>
              <![CDATA[element click intercepted: Element <button type="button" class="uitk-step-input-button uitk-step-input-plus" disabled="">...</button> is not clickable at point (915, 556). Other element would receive the click: <div class="uitk-col all-col-shrink">...</div>
  (Session info: chrome=81.0.4044.138)
Build info: version: '3.141.59', revision: 'e82be7d358', time: '2018-11-14T08:17:03'
System info: host: 'LAPTOP-3O39E0OU', ip: '169.254.29.20', os.name: 'Windows 10', os.arch: 'amd64', os.version: '10.0', java.version: '1.8.0_231'
Driver info: org.openqa.selenium.chrome.ChromeDriver
Capabilities {acceptInsecureCerts: false, browserName: chrome, browserVersion: 81.0.4044.138, chrome: {chromedriverVersion: 81.0.4044.69 (6813546031a4b..., userDataDir: C:\Users\SANGEE~1\AppData\L...}, goog:chromeOptions: {debuggerAddress: localhost:53748}, javascriptEnabled: true, networkConnectionEnabled: false, pageLoadStrategy: normal, platform: WINDOWS, platformName: WINDOWS, proxy: Proxy(), setWindowRect: true, strictFileInteractability: false, timeouts: {implicit: 0, pageLoad: 300000, script: 30000}, unhandledPromptBehavior: dismiss and notify, webauthn:virtualAuthenticators: true}
Session ID: 459e2784c879cee5113f510a97b17ffa]]>
            </message>
            <full-stacktrace>
              <![CDATA[org.openqa.selenium.ElementClickInterceptedException: element click intercepted: Element <button type="button" class="uitk-step-input-button uitk-step-input-plus" disabled="">...</button> is not clickable at point (915, 556). Other element would receive the click: <div class="uitk-col all-col-shrink">...</div>
  (Session info: chrome=81.0.4044.138)
Build info: version: '3.141.59', revision: 'e82be7d358', time: '2018-11-14T08:17:03'
System info: host: 'LAPTOP-3O39E0OU', ip: '169.254.29.20', os.name: 'Windows 10', os.arch: 'amd64', os.version: '10.0', java.version: '1.8.0_231'
Driver info: org.openqa.selenium.chrome.ChromeDriver
Capabilities {acceptInsecureCerts: false, browserName: chrome, browserVersion: 81.0.4044.138, chrome: {chromedriverVersion: 81.0.4044.69 (6813546031a4b..., userDataDir: C:\Users\SANGEE~1\AppData\L...}, goog:chromeOptions: {debuggerAddress: localhost:53748}, javascriptEnabled: true, networkConnectionEnabled: false, pageLoadStrategy: normal, platform: WINDOWS, platformName: WINDOWS, proxy: Proxy(), setWindowRect: true, strictFileInteractability: false, timeouts: {implicit: 0, pageLoad: 300000, script: 30000}, unhandledPromptBehavior: dismiss and notify, webauthn:virtualAuthenticators: true}
Session ID: 459e2784c879cee5113f510a97b17ffa
at sun.reflect.NativeConstructorAccessorImpl.newInstance0(Native Method)
at sun.reflect.NativeConstructorAccessorImpl.newInstance(Unknown Source)
at sun.reflect.DelegatingConstructorAccessorImpl.newInstance(Unknown Source)
at java.lang.reflect.Constructor.newInstance(Unknown Source)
at org.openqa.selenium.remote.http.W3CHttpResponseCodec.createException(W3CHttpResponseCodec.java:187)
at org.openqa.selenium.remote.http.W3CHttpResponseCodec.decode(W3CHttpResponseCodec.java:122)
at org.openqa.selenium.remote.http.W3CHttpResponseCodec.decode(W3CHttpResponseCodec.java:49)
at org.openqa.selenium.remote.HttpCommandExecutor.execute(HttpCommandExecutor.java:158)
at org.openqa.selenium.remote.service.DriverCommandExecutor.execute(DriverCommandExecutor.java:83)
at org.openqa.selenium.remote.RemoteWebDriver.execute(RemoteWebDriver.java:552)
at org.openqa.selenium.remote.RemoteWebElement.execute(RemoteWebElement.java:285)
at org.openqa.selenium.remote.RemoteWebElement.click(RemoteWebElement.java:84)
at sun.reflect.NativeMethodAccessorImpl.invoke0(Native Method)
at sun.reflect.NativeMethodAccessorImpl.invoke(Unknown Source)
at sun.reflect.DelegatingMethodAccessorImpl.invoke(Unknown Source)
at java.lang.reflect.Method.invoke(Unknown Source)
at org.openqa.selenium.support.pagefactory.internal.LocatingElementHandler.invoke(LocatingElementHandler.java:51)
at com.sun.proxy.$Proxy13.click(Unknown Source)
at com.github.frostyaxe.cucumber.stepdefs.ExpediaFlightSearchStepDefs.lambda$4(ExpediaFlightSearchStepDefs.java:115)
at ✽.Enters the required details in the form fields(file:///C:/Users/Sangeeta-Laptop/eclipse-workspace/photo-workspace/CucumberTesting/CucumberExpediaTesting/src/test/resources/features/ExpediaFlightSearch.feature:18)
]]>
            </full-stacktrace>
          </exception> <!-- org.openqa.selenium.ElementClickInterceptedException -->
          <reporter-output>
          </reporter-output>
        </test-method> <!-- runScenario -->
        <test-method status="FAIL" signature="runScenario(io.cucumber.testng.PickleWrapper, io.cucumber.testng.FeatureWrapper)[pri:0, instance:com.github.frostyaxe.cucumber.runners.ExpediaCucumberTestRunner@436e852b]" name="runScenario" duration-ms="31797" started-at="2020-05-20T13:44:05 IST" description="Runs Cucumber Scenarios" data-provider="scenarios" finished-at="2020-05-20T13:44:37 IST">
          <params>
            <param index="0">
              <value>
                <![CDATA["Hotel Search with correct details"]]>
              </value>
            </param>
            <param index="1">
              <value>
                <![CDATA["Expedia Hotel Search"]]>
              </value>
            </param>
          </params>
          <exception class="java.lang.AssertionError">
            <message>
              <![CDATA[expected [Mumbai, India (BOM-Chhatrapati Shivaji Intl.) Hotel Search Results] but found [Expedia Travel: Vacations, Cheap Flights, Airline Tickets & Airfares]]]>
            </message>
            <full-stacktrace>
              <![CDATA[java.lang.AssertionError: expected [Mumbai, India (BOM-Chhatrapati Shivaji Intl.) Hotel Search Results] but found [Expedia Travel: Vacations, Cheap Flights, Airline Tickets & Airfares]
at org.testng.Assert.fail(Assert.java:97)
at org.testng.Assert.assertEqualsImpl(Assert.java:136)
at org.testng.Assert.assertEquals(Assert.java:118)
at org.testng.Assert.assertEquals(Assert.java:575)
at org.testng.Assert.assertEquals(Assert.java:585)
at com.github.frostyaxe.cucumber.stepdefs.ExpediaHotelSearchStepDefs.lambda$3(ExpediaHotelSearchStepDefs.java:64)
at ✽.User must be navigated to the results page(file:///C:/Users/Sangeeta-Laptop/eclipse-workspace/photo-workspace/CucumberTesting/CucumberExpediaTesting/src/test/resources/features/ExpediaHotelSearch.feature:18)
]]>
            </full-stacktrace>
          </exception> <!-- java.lang.AssertionError -->
          <reporter-output>
          </reporter-output>
        </test-method> <!-- runScenario -->
        <test-method status="PASS" signature="tearDownClass()[pri:0, instance:com.github.frostyaxe.cucumber.runners.ExpediaCucumberTestRunner@436e852b]" name="tearDownClass" is-config="true" duration-ms="179" started-at="2020-05-20T13:44:43 IST" finished-at="2020-05-20T13:44:43 IST">
          <reporter-output>
          </reporter-output>
        </test-method> <!-- tearDownClass -->
      </class> <!-- com.github.frostyaxe.cucumber.runners.ExpediaCucumberTestRunner -->
    </test> <!-- Default test -->
  </suite> <!-- Default suite -->
</testng-results>
