<?xml version="1.0" encoding="UTF-8"?>
<!-- Generated by org.testng.reporters.JUnitXMLReporter -->
<testsuite hostname="LAPTOP-3O39E0OU" ignored="0" name="Default test" tests="2" failures="2" timestamp="2020-05-20T13:44:43 IST" time="38.098" errors="0">
  <testcase name="runScenario" time="31.797" classname="io.cucumber.testng.AbstractTestNGCucumberTests">
    <failure type="java.lang.AssertionError" message="expected [Mumbai, India (BOM-Chhatrapati Shivaji Intl.) Hotel Search Results] but found [Expedia Travel: Vacations, Cheap Flights, Airline Tickets &amp;amp; Airfares]">
      <![CDATA[java.lang.AssertionError: expected [Mumbai, India (BOM-Chhatrapati Shivaji Intl.) Hotel Search Results] but found [Expedia Travel: Vacations, Cheap Flights, Airline Tickets & Airfares]
at org.testng.Assert.fail(Assert.java:97)
at org.testng.Assert.assertEqualsImpl(Assert.java:136)
at org.testng.Assert.assertEquals(Assert.java:118)
at org.testng.Assert.assertEquals(Assert.java:575)
at org.testng.Assert.assertEquals(Assert.java:585)
at com.github.frostyaxe.cucumber.stepdefs.ExpediaHotelSearchStepDefs.lambda$3(ExpediaHotelSearchStepDefs.java:64)
at ✽.User must be navigated to the results page(file:///C:/Users/Sangeeta-Laptop/eclipse-workspace/photo-workspace/CucumberTesting/CucumberExpediaTesting/src/test/resources/features/ExpediaHotelSearch.feature:18)
]]>
    </failure>
  </testcase> <!-- runScenario -->
  <testcase name="runScenario" time="37.651" classname="io.cucumber.testng.AbstractTestNGCucumberTests">
    <failure type="org.openqa.selenium.ElementClickInterceptedException" message="element click intercepted: Element &amp;lt;button type=&amp;quot;button&amp;quot; class=&amp;quot;uitk-step-input-button uitk-step-input-plus&amp;quot; disabled=&amp;quot;&amp;quot;&amp;gt;...&amp;lt;/button&amp;gt; is not clickable at point (915, 556). Other element would receive the click: &amp;lt;div class=&amp;quot;uitk-col all-col-shrink&amp;quot;&amp;gt;...&amp;lt;/div&amp;gt;
  (Session info: chrome=81.0.4044.138)
Build info: version: &amp;apos;3.141.59&amp;apos;, revision: &amp;apos;e82be7d358&amp;apos;, time: &amp;apos;2018-11-14T08:17:03&amp;apos;
System info: host: &amp;apos;LAPTOP-3O39E0OU&amp;apos;, ip: &amp;apos;169.254.29.20&amp;apos;, os.name: &amp;apos;Windows 10&amp;apos;, os.arch: &amp;apos;amd64&amp;apos;, os.version: &amp;apos;10.0&amp;apos;, java.version: &amp;apos;1.8.0_231&amp;apos;
Driver info: org.openqa.selenium.chrome.ChromeDriver
Capabilities {acceptInsecureCerts: false, browserName: chrome, browserVersion: 81.0.4044.138, chrome: {chromedriverVersion: 81.0.4044.69 (6813546031a4b..., userDataDir: C:\Users\SANGEE~1\AppData\L...}, goog:chromeOptions: {debuggerAddress: localhost:53748}, javascriptEnabled: true, networkConnectionEnabled: false, pageLoadStrategy: normal, platform: WINDOWS, platformName: WINDOWS, proxy: Proxy(), setWindowRect: true, strictFileInteractability: false, timeouts: {implicit: 0, pageLoad: 300000, script: 30000}, unhandledPromptBehavior: dismiss and notify, webauthn:virtualAuthenticators: true}
Session ID: 459e2784c879cee5113f510a97b17ffa">
      <![CDATA[org.openqa.selenium.ElementClickInterceptedException: element click intercepted: Element <button type="button" class="uitk-step-input-button uitk-step-input-plus" disabled="">...</button> is not clickable at point (915, 556). Other element would receive the click: <div class="uitk-col all-col-shrink">...</div>
  (Session info: chrome=81.0.4044.138)
Build info: version: '3.141.59', revision: 'e82be7d358', time: '2018-11-14T08:17:03'
System info: host: 'LAPTOP-3O39E0OU', ip: '169.254.29.20', os.name: 'Windows 10', os.arch: 'amd64', os.version: '10.0', java.version: '1.8.0_231'
Driver info: org.openqa.selenium.chrome.ChromeDriver
Capabilities {acceptInsecureCerts: false, browserName: chrome, browserVersion: 81.0.4044.138, chrome: {chromedriverVersion: 81.0.4044.69 (6813546031a4b..., userDataDir: C:\Users\SANGEE~1\AppData\L...}, goog:chromeOptions: {debuggerAddress: localhost:53748}, javascriptEnabled: true, networkConnectionEnabled: false, pageLoadStrategy: normal, platform: WINDOWS, platformName: WINDOWS, proxy: Proxy(), setWindowRect: true, strictFileInteractability: false, timeouts: {implicit: 0, pageLoad: 300000, script: 30000}, unhandledPromptBehavior: dismiss and notify, webauthn:virtualAuthenticators: true}
Session ID: 459e2784c879cee5113f510a97b17ffa
at sun.reflect.NativeConstructorAccessorImpl.newInstance0(Native Method)
at sun.reflect.NativeConstructorAccessorImpl.newInstance(Unknown Source)
at sun.reflect.DelegatingConstructorAccessorImpl.newInstance(Unknown Source)
at java.lang.reflect.Constructor.newInstance(Unknown Source)
at org.openqa.selenium.remote.http.W3CHttpResponseCodec.createException(W3CHttpResponseCodec.java:187)
at org.openqa.selenium.remote.http.W3CHttpResponseCodec.decode(W3CHttpResponseCodec.java:122)
at org.openqa.selenium.remote.http.W3CHttpResponseCodec.decode(W3CHttpResponseCodec.java:49)
at org.openqa.selenium.remote.HttpCommandExecutor.execute(HttpCommandExecutor.java:158)
at org.openqa.selenium.remote.service.DriverCommandExecutor.execute(DriverCommandExecutor.java:83)
at org.openqa.selenium.remote.RemoteWebDriver.execute(RemoteWebDriver.java:552)
at org.openqa.selenium.remote.RemoteWebElement.execute(RemoteWebElement.java:285)
at org.openqa.selenium.remote.RemoteWebElement.click(RemoteWebElement.java:84)
at sun.reflect.NativeMethodAccessorImpl.invoke0(Native Method)
at sun.reflect.NativeMethodAccessorImpl.invoke(Unknown Source)
at sun.reflect.DelegatingMethodAccessorImpl.invoke(Unknown Source)
at java.lang.reflect.Method.invoke(Unknown Source)
at org.openqa.selenium.support.pagefactory.internal.LocatingElementHandler.invoke(LocatingElementHandler.java:51)
at com.sun.proxy.$Proxy13.click(Unknown Source)
at com.github.frostyaxe.cucumber.stepdefs.ExpediaFlightSearchStepDefs.lambda$4(ExpediaFlightSearchStepDefs.java:115)
at ✽.Enters the required details in the form fields(file:///C:/Users/Sangeeta-Laptop/eclipse-workspace/photo-workspace/CucumberTesting/CucumberExpediaTesting/src/test/resources/features/ExpediaFlightSearch.feature:18)
]]>
    </failure>
  </testcase> <!-- runScenario -->
</testsuite> <!-- Default test -->
